(---------------------------------------------------------------------)
(                                                                     )
(    QUICKPLACE LOG                                                   )
(                                                                     )
(    Drawing          : SAM9_BOARDV2.0.brd                            )
(    Software Version : 16.6P004                                      )
(    Date/Time        : Sat Mar 17 16:51:16 2018                      )
(                                                                     )
(---------------------------------------------------------------------)


State: Placing on layer TOP

         Placed symbol:  U1 / SAM9N12_SAM9N12_SAM9N12 / SAM9N12 at (85.5 2952.7)
         Placed symbol:  J8 / GPS_CONNECTOR_GPS908_GPS_CONNEC / GPS908 at (763.5 2702.7)
         Placed symbol:  U2 / MT46H128M16LF_MT46H128M16LT_MT4 / MT46H128M16LT at (2371.5 2812.7)
         Placed symbol:  U3 / KSZ8851_MICREL_KSZ8851_KSZ8851 / MICREL_KSZ8851 at (2847.5 2437.2)
         Placed symbol:  U7 / MT29F16G08FAA_MT29F16G08FAA_MT2 / MT29F16G08FAA at (3613.8 1576.7)
         Placed symbol:  J13 / 1042345117[LCD]_LCD_CONNECTOR_1 / LCD_CONNECTOR at (3593.8 1378.7)
         Placed symbol:  U14 / FT232RQ_FT232BQ_FT232RQ / FT232BQ at (3270.5 2412.7)
         Placed symbol:  U6 / ESP8266EX_ESP8266_ESP8266EX / ESP8266 at (3633.8 1020.7)
         Placed symbol:  U12 / MAX3232_MAX3232_MAX3232 / MAX3232 at (3613.8 772.7)
         Placed symbol:  U4 / H1102NL_H1102NL_H1102NL / H1102NL at (3673.8 394.7)
         Placed symbol:  J1 / 6339191-1_0_NG_CD_6339191_63391 / NG_CD_6339191 at (575.5 -160.5)
         Placed symbol:  U10 / LT3971_LT3971_LT3971 / LT3971 at (3613.8 166.7)
         Placed symbol:  U11 / LT3971_LT3971_LT3971 / LT3971 at (963.5 -180.5)
         Placed symbol:  J24 / JTAG_TESTING101_JTAG / TESTING101 at (1201.5 -210.5)
         Placed symbol:  U9 / TPS3307-18_TPS3307_TPS3307-18 / TPS3307 at (1749.5 -230.5)
         Placed symbol:  U8 / ADP1715_ADP1715_ADP1715 / ADP1715 at (1957.5 -160.5)
         Placed symbol:  U13 / TDM2771_TDM2771_TDM2771 / TDM2771 at (2165.5 -120.5)
         Placed symbol:  U5 / 24AA01_24AA01_24AA01 / 24AA01 at (2403.5 -110.5)
         Placed symbol:  J23 / 440479-1[USB]_440479_440479-1[U / 440479 at (2781.5 -110.5)
         Placed symbol:  J22 / 440479-1[USB]_440479_440479-1[U / 440479 at (-490.5 2256.7)
         Placed symbol:  J25 / 440479-1[USB]_440479_440479-1[U / 440479 at (-490.5 1508.7)
         Placed symbol:  J15 / HEADER22_HEAD3_HEADER22 / HEAD3 at (-280.5 790.7)
         Placed symbol:  J19 / PJ-037A_PJ-037_PJ-037A / PJ-037 at (-250.5 652.7)
         Placed symbol:  J11 / PJ-037A_PJ-037_PJ-037A / PJ-037 at (205.5 3630.7)
         Placed symbol:  J12 / HEADER22_HEAD3_HEADER22 / HEAD3 at (523.5 3100.7)
         Placed symbol:  J16 / HEADER22_HEAD3_HEADER22 / HEAD3 at (871.5 3100.7)
         Placed symbol:  J14 / HEADER22_HEAD3_HEADER22 / HEAD3 at (1219.5 3100.7)
         Placed symbol:  C54 / CAP NP_NPCAP0402_0U1F / NPCAP0402 at (1527.5 3070.7)
         Placed symbol:  C58 / CAP NP_NPCAP0402_0U1F / NPCAP0402 at (1645.5 3070.7)
         Placed symbol:  C56 / CAP NP_NPCAP0402_0U1F / NPCAP0402 at (1763.5 3070.7)
         Placed symbol:  C55 / CAP NP_NPCAP0402_0U1F / NPCAP0402 at (1881.5 3070.7)
         Placed symbol:  C57 / CAP NP_NPCAP0402_0U1F / NPCAP0402 at (1999.5 3070.7)
         Placed symbol:  C59 / CAP NP_NPCAP0402_0U1F / NPCAP0402 at (2117.5 3070.7)
         Placed symbol:  C6 / CAP NP_NPCAP0402_0U1F / NPCAP0402 at (2235.5 3070.7)
         Placed symbol:  C60 / CAP NP_NPCAP0402_0U1F / NPCAP0402 at (2353.5 3070.7)
         Placed symbol:  C64 / CAP NP_NPCAP0402_0U1F / NPCAP0402 at (2471.5 3070.7)
         Placed symbol:  C63 / CAP NP_NPCAP0402_0U1F / NPCAP0402 at (2589.5 3070.7)
         Placed symbol:  C65 / CAP NP_NPCAP0402_0U1F / NPCAP0402 at (2707.5 3070.7)
         Placed symbol:  C66 / CAP NP_NPCAP0402_0U1F / NPCAP0402 at (2825.5 3070.7)
         Placed symbol:  C67 / CAP NP_NPCAP0402_0U1F / NPCAP0402 at (2943.5 3070.7)
         Placed symbol:  C68 / CAP NP_NPCAP0402_0U1F / NPCAP0402 at (3061.5 3070.7)
         Placed symbol:  C69 / CAP NP_NPCAP0402_0U1F / NPCAP0402 at (3179.5 3070.7)
         Placed symbol:  C7 / CAP NP_NPCAP0402_0U1F / NPCAP0402 at (3297.5 3070.7)
         Placed symbol:  C70 / CAP NP_NPCAP0402_0U1F / NPCAP0402 at (3415.5 3070.7)
         Placed symbol:  C71 / CAP NP_NPCAP0402_0U1F / NPCAP0402 at (4471.8 2316.7)
         Placed symbol:  C8 / CAP NP_NPCAP0402_0U1F / NPCAP0402 at (4471.8 2238.7)
         Placed symbol:  C72 / CAP NP_NPCAP0402_0U1F / NPCAP0402 at (4471.8 2160.7)
         Placed symbol:  C82 / CAP NP_NPCAP0402_0U1F / NPCAP0402 at (4471.8 2082.7)
         Placed symbol:  C83 / CAP NP_NPCAP0402_0U1F / NPCAP0402 at (4471.8 2004.7)
         Placed symbol:  C85 / CAP NP_NPCAP0402_0U1F / NPCAP0402 at (4471.8 1926.7)
         Placed symbol:  C86 / CAP NP_NPCAP0402_0U1F / NPCAP0402 at (4471.8 1848.7)
         Placed symbol:  C87 / CAP NP_NPCAP0402_0U1F / NPCAP0402 at (4471.8 1770.7)
         Placed symbol:  C88 / CAP NP_NPCAP0402_0U1F / NPCAP0402 at (4471.8 1692.7)
         Placed symbol:  C9 / CAP NP_NPCAP0402_0U1F / NPCAP0402 at (4471.8 1614.7)
         Placed symbol:  C90 / CAP NP_NPCAP0402_0U1F / NPCAP0402 at (4471.8 1536.7)
         Placed symbol:  C91 / CAP NP_NPCAP0402_0U1F / NPCAP0402 at (4471.8 1458.7)
         Placed symbol:  C13 / CAP NP_NPCAP0402_50PF / NPCAP0402 at (4471.8 1380.7)
         Placed symbol:  C14 / CAP NP_NPCAP0402_50PF / NPCAP0402 at (4471.8 1302.7)
         Placed symbol:  C15 / CAP NP_NPCAP0402_1000PF / NPCAP0402 at (4471.8 1224.7)
         Placed symbol:  C16 / CAP NP_NPCAP0402_0U01F / NPCAP0402 at (4471.8 1146.7)
         Placed symbol:  C17 / CAP NP_NPCAP0402_0U01F / NPCAP0402 at (4471.8 1068.7)
         Placed symbol:  C18 / CAP NP_NPCAP0402_0U01F / NPCAP0402 at (4471.8 990.7)
         Placed symbol:  C19 / CAP NP_NPCAP0402_0U01F / NPCAP0402 at (4471.8 912.7)
         Placed symbol:  C20 / CAP NP_NPCAP0402_0U01F / NPCAP0402 at (4471.8 834.7)
         Placed symbol:  C21 / CAP NP_NPCAP0402_0U01F / NPCAP0402 at (4471.8 756.7)
         Placed symbol:  C53 / CAP NP_NPCAP0402_0U1F / NPCAP0402 at (4471.8 678.7)
         Placed symbol:  C23 / CAP NP_NPCAP0402_0U01F / NPCAP0402 at (4471.8 600.7)
         Placed symbol:  C25 / CAP NP_NPCAP0402_4U7F / NPCAP0402 at (4471.8 522.7)
         Placed symbol:  C47 / CAP NP_NPCAP0402_4U7F / NPCAP0402 at (4471.8 444.7)
         Placed symbol:  C3 / CAP NP_NPCAP0402_35PF / NPCAP0402 at (4471.8 366.7)
         Placed symbol:  C4 / CAP NP_NPCAP0402_35PF / NPCAP0402 at (4471.8 288.7)
         Placed symbol:  C30 / CAP NP_NPCAP0402_28PF / NPCAP0402 at (4471.8 210.7)
         Placed symbol:  C31 / CAP NP_NPCAP0402_28PF / NPCAP0402 at (4471.8 132.7)
         Placed symbol:  C43 / CAP NP_NPCAP0402_2U2F / NPCAP0402 at (4471.8 54.7)
         Placed symbol:  C44 / CAP NP_NPCAP0402_2U2F / NPCAP0402 at (35.5 -918.5)
         Placed symbol:  C45 / CAP NP_NPCAP0402_2U2F / NPCAP0402 at (153.5 -918.5)
         Placed symbol:  C46 / CAP NP_NPCAP0402_0U47F / NPCAP0402 at (271.5 -918.5)
         Placed symbol:  C62 / CAP NP_NPCAP0402_0U47F / NPCAP0402 at (389.5 -918.5)
         Placed symbol:  C48 / CAP NP_NPCAP0402_22UF / NPCAP0402 at (507.5 -918.5)
         Placed symbol:  C61 / CAP NP_NPCAP0402_10PF / NPCAP0402 at (625.5 -918.5)
         Placed symbol:  C73 / CAP NP_NPCAP0402_100UF / NPCAP0402 at (743.5 -918.5)
         Placed symbol:  C74 / CAP_CAP0402_0U1F / CAP0402 at (861.5 -918.5)
         Placed symbol:  C75 / CAP_CAP0402_0U1F / CAP0402 at (979.5 -918.5)
         Placed symbol:  C77 / CAP_CAP0402_0U1F / CAP0402 at (1097.5 -918.5)
         Placed symbol:  C76 / CAP_CAP0402_0U47F / CAP0402 at (1215.5 -918.5)
         Placed symbol:  C79 / CAP_CAP0402_0U47F / CAP0402 at (1333.5 -918.5)
         Placed symbol:  C80 / CAP_CAP0402_0U47F / CAP0402 at (1451.5 -918.5)
         Placed symbol:  C78 / CAP_CAP0402_1UF / CAP0402 at (1569.5 -918.5)
         Placed symbol:  C81 / CAP_CAP0402_1UF / CAP0402 at (1687.5 -918.5)
         Placed symbol:  C84 / CAP_CAP0402_10NF / CAP0402 at (1805.5 -918.5)
         Placed symbol:  C89 / CAP NP_NPCAP0402_100NF / NPCAP0402 at (1923.5 -918.5)
         Placed symbol:  L1 / INDUCTOR_IND0603_60MH / IND0603 at (2051.5 -938.5)
         Placed symbol:  R15 / R_RES0402_4K7E / RES0402 at (2189.5 -918.5)
         Placed symbol:  R1 / R_RES0402_4K7E / RES0402 at (2307.5 -918.5)
         Placed symbol:  R10 / R_RES0402_4K7E / RES0402 at (2425.5 -918.5)
         Placed symbol:  R17 / R_RES0402_4K7E / RES0402 at (2543.5 -918.5)
         Placed symbol:  R18 / R_RES0402_4K7E / RES0402 at (2661.5 -918.5)
         Placed symbol:  R19 / R_RES0402_4K7E / RES0402 at (2779.5 -918.5)
         Placed symbol:  R2 / R_RES0402_4K7E / RES0402 at (2897.5 -918.5)
         Placed symbol:  R3 / R_RES0402_4K7E / RES0402 at (3015.5 -918.5)
         Placed symbol:  R4 / R_RES0402_4K7E / RES0402 at (3133.5 -918.5)
         Placed symbol:  R5 / R_RES0402_4K7E / RES0402 at (3251.5 -918.5)
         Placed symbol:  R6 / R_RES0402_4K7E / RES0402 at (3369.5 -918.5)
         Placed symbol:  R7 / R_RES0402_4K7E / RES0402 at (-818.5 2316.7)
         Placed symbol:  C33 / CAP NP_NPCAP0402_0U1F / NPCAP0402 at (-818.5 2238.7)
         Placed symbol:  C52 / CAP NP_NPCAP0402_0U1F / NPCAP0402 at (-818.5 2160.7)
         Placed symbol:  C51 / CAP NP_NPCAP0402_0U1F / NPCAP0402 at (-818.5 2082.7)
         Placed symbol:  C24 / CAP NP_NPCAP0402_0U01F / NPCAP0402 at (-818.5 2004.7)
         Placed symbol:  C39 / CAP NP_NPCAP0402_0U1F / NPCAP0402 at (-818.5 1926.7)
         Placed symbol:  C49 / CAP NP_NPCAP0402_0U1F / NPCAP0402 at (-818.5 1848.7)
         Placed symbol:  C37 / CAP NP_NPCAP0402_0U1F / NPCAP0402 at (-818.5 1770.7)
         Placed symbol:  R20 / R_RES0402_150E / RES0402 at (-818.5 1692.7)
         Placed symbol:  R21 / R_RES0402_95KE / RES0402 at (-818.5 1614.7)
         Placed symbol:  R22 / R_RES0402_220KE / RES0402 at (-818.5 1536.7)
         Placed symbol:  R23 / R_RES0402_15KE / RES0402 at (-818.5 1458.7)
         Placed symbol:  R24 / R_RES0402_60KE / RES0402 at (-818.5 1380.7)
         Placed symbol:  R25 / R_RES0402_49K9E / RES0402 at (-818.5 1302.7)
         Placed symbol:  R26 / R_RES0402_511KE / RES0402 at (-818.5 1224.7)
         Placed symbol:  R27 / R_RES0402_118KE / RES0402 at (-818.5 1146.7)
         Placed symbol:  R28 / R_RES0402_1ME / RES0402 at (-818.5 1068.7)
         Placed symbol:  R29 / R_RES0402_22E / RES0402 at (-818.5 990.7)
         Placed symbol:  R30 / R_RES0402_22E / RES0402 at (-818.5 912.7)
         Placed symbol:  R31 / R_RES0402_22E / RES0402 at (-818.5 834.7)
         Placed symbol:  R32 / R_RES0402_22E / RES0402 at (-818.5 756.7)
         Placed symbol:  R33 / R_RES0402_22E / RES0402 at (-818.5 678.7)
         Placed symbol:  C36 / CAP NP_NPCAP0402_0U1F / NPCAP0402 at (-818.5 600.7)
         Placed symbol:  R35 / R_RES0402_22E / RES0402 at (-818.5 522.7)
         Placed symbol:  R36 / R_RES0402_22E / RES0402 at (-818.5 444.7)
         Placed symbol:  R37 / R_RES0402_22E / RES0402 at (-818.5 366.7)
         Placed symbol:  R38 / R_RES0402_22E / RES0402 at (-818.5 288.7)
         Placed symbol:  R39 / R_RES0402_22E / RES0402 at (-818.5 210.7)
         Placed symbol:  R40 / R_RES0402_22E / RES0402 at (-818.5 132.7)
         Placed symbol:  R41 / R_RES0402_22E / RES0402 at (-818.5 54.7)
         Placed symbol:  R42 / R_RES0402_22E / RES0402 at (35.5 3738.7)
         Placed symbol:  R43 / R_RES0402_22E / RES0402 at (153.5 3738.7)
         Placed symbol:  R44 / R_RES0402_22E / RES0402 at (271.5 3738.7)
         Placed symbol:  R45 / R_RES0402_22E / RES0402 at (389.5 3738.7)
         Placed symbol:  R46 / R_RES0402_22E / RES0402 at (507.5 3738.7)
         Placed symbol:  R47 / R_RES0402_22E / RES0402 at (625.5 3738.7)
         Placed symbol:  R48 / R_RES0402_22E / RES0402 at (743.5 3738.7)
         Placed symbol:  R49 / R_RES0402_22E / RES0402 at (861.5 3738.7)
         Placed symbol:  R50 / R_RES0402_22E / RES0402 at (979.5 3738.7)
         Placed symbol:  R51 / R_RES0402_22E / RES0402 at (1097.5 3738.7)
         Placed symbol:  R52 / R_RES0402_22E / RES0402 at (1215.5 3738.7)
         Placed symbol:  R53 / R_RES0402_22E / RES0402 at (1333.5 3738.7)
         Placed symbol:  R54 / R_RES0402_22E / RES0402 at (1451.5 3738.7)
         Placed symbol:  R55 / R_RES0402_22E / RES0402 at (1569.5 3738.7)
         Placed symbol:  R56 / R_RES0402_22E / RES0402 at (1687.5 3738.7)
         Placed symbol:  R57 / R_RES0402_22E / RES0402 at (1805.5 3738.7)
         Placed symbol:  R58 / R_RES0402_22E / RES0402 at (1923.5 3738.7)
         Placed symbol:  R59 / R_RES0402_22E / RES0402 at (2041.5 3738.7)
         Placed symbol:  R60 / R_RES0402_22E / RES0402 at (2159.5 3738.7)
         Placed symbol:  R61 / R_RES0402_22E / RES0402 at (2277.5 3738.7)
         Placed symbol:  R62 / R_RES0402_22E / RES0402 at (2395.5 3738.7)
         Placed symbol:  R63 / R_RES0402_22E / RES0402 at (2513.5 3738.7)
         Placed symbol:  R64 / R_RES0402_22E / RES0402 at (2631.5 3738.7)
         Placed symbol:  R65 / R_RES0402_22E / RES0402 at (2749.5 3738.7)
         Placed symbol:  R66 / R_RES0402_22E / RES0402 at (2867.5 3738.7)
         Placed symbol:  R67 / R_RES0402_22E / RES0402 at (2985.5 3738.7)
         Placed symbol:  R68 / R_RES0402_22E / RES0402 at (3103.5 3738.7)
         Placed symbol:  R69 / R_RES0402_22E / RES0402 at (3221.5 3738.7)
         Placed symbol:  R70 / R_RES0402_22E / RES0402 at (3339.5 3738.7)
         Placed symbol:  R71 / R_RES0402_22E / RES0402 at (3457.5 3738.7)
         Placed symbol:  R72 / R_RES0402_22E / RES0402 at (4589.8 2316.7)
         Placed symbol:  R73 / R_RES0402_22E / RES0402 at (4589.8 2238.7)
         Placed symbol:  R74 / R_RES0402_22E / RES0402 at (4589.8 2160.7)
         Placed symbol:  R75 / R_RES0402_22E / RES0402 at (4589.8 2082.7)
         Placed symbol:  R76 / R_RES0402_22E / RES0402 at (4589.8 2004.7)
         Placed symbol:  R77 / R_RES0402_22E / RES0402 at (4589.8 1926.7)
         Placed symbol:  R78 / R_RES0402_22E / RES0402 at (4589.8 1848.7)
         Placed symbol:  R79 / R_RES0402_22E / RES0402 at (4589.8 1770.7)
         Placed symbol:  R80 / R_RES0402_22E / RES0402 at (4589.8 1692.7)
         Placed symbol:  R81 / R_RES0402_22E / RES0402 at (4589.8 1614.7)
         Placed symbol:  R82 / R_RES0402_22E / RES0402 at (4589.8 1536.7)
         Placed symbol:  R83 / R_RES0402_22E / RES0402 at (4589.8 1458.7)
         Placed symbol:  R84 / R_RES0402_1K5E / RES0402 at (4589.8 1380.7)
         Placed symbol:  R85 / R_RES0402_1K5E / RES0402 at (4589.8 1302.7)
         Placed symbol:  R86 / R_RES0402_10KE / RES0402 at (4589.8 1224.7)
         Placed symbol:  D1 / DIODE_DIO0603_DIODE / DIO0603 at (4619.8 1126.7)
         Placed symbol:  D2 / LED_DIO0603_LED / DIO0603 at (4619.8 998.7)
         Placed symbol:  D3 / DIODE SCHOTTKY_DIO0603_DIODE SC / DIO0603 at (4619.8 870.7)
         Placed symbol:  D4 / DIODE SCHOTTKY_DIO0603_DIODE SC / DIO0603 at (4619.8 742.7)
         Placed symbol:  C35 / CAP NP_NPCAP0402_0U1F / NPCAP0402 at (4589.8 634.7)
         Placed symbol:  F1 / FUSE_FUSE1206_FUSE / FUSE1206 at (4639.8 516.7)
         Placed symbol:  F2 / FUSE_FUSE1206_FUSE / FUSE1206 at (4639.8 348.7)
         Placed symbol:  C29 / CAP NP_NPCAP0402_0U1F / NPCAP0402 at (4589.8 220.7)
         Placed symbol:  C28 / CAP NP_NPCAP0402_0U1F / NPCAP0402 at (4589.8 142.7)
         Placed symbol:  C50 / CAP NP_NPCAP0402_0U1F / NPCAP0402 at (4589.8 64.7)
         Placed symbol:  C40 / CAP NP_NPCAP0402_0U1F / NPCAP0402 at (35.5 -1026.5)
         Placed symbol:  C5 / CAP NP_NPCAP0402_0U1F / NPCAP0402 at (153.5 -1026.5)
         Placed symbol:  C42 / CAP NP_NPCAP0402_0U1F / NPCAP0402 at (271.5 -1026.5)
         Placed symbol:  C32 / CAP NP_NPCAP0402_0U1F / NPCAP0402 at (389.5 -1026.5)
         Placed symbol:  C38 / CAP NP_NPCAP0402_0U1F / NPCAP0402 at (507.5 -1026.5)
         Placed symbol:  C27 / CAP NP_NPCAP0402_0U1F / NPCAP0402 at (625.5 -1026.5)
         Placed symbol:  C26 / CAP NP_NPCAP0402_0U1F / NPCAP0402 at (743.5 -1026.5)
         Placed symbol:  R11 / R_RES0402_75E / RES0402 at (861.5 -1026.5)
         Placed symbol:  C22 / CAP NP_NPCAP0402_0U1F / NPCAP0402 at (979.5 -1026.5)
         Placed symbol:  C12 / CAP NP_NPCAP0402_0U1F / NPCAP0402 at (1097.5 -1026.5)
         Placed symbol:  C11 / CAP NP_NPCAP0402_0U1F / NPCAP0402 at (1215.5 -1026.5)
         Placed symbol:  C41 / CAP NP_NPCAP0402_0U1F / NPCAP0402 at (1333.5 -1026.5)
         Placed symbol:  R12 / R_RES0402_75E / RES0402 at (1451.5 -1026.5)
         Placed symbol:  C34 / CAP NP_NPCAP0402_0U1F / NPCAP0402 at (1569.5 -1026.5)
         Placed symbol:  R13 / R_RES0402_75E / RES0402 at (1687.5 -1026.5)
         Placed symbol:  C10 / CAP NP_NPCAP0402_0U1F / NPCAP0402 at (1805.5 -1026.5)
         Placed symbol:  R14 / R_RES0402_75E / RES0402 at (1923.5 -1026.5)
         Placed symbol:  C2 / CAP NP_NPCAP0402_40PF / NPCAP0402 at (2041.5 -1026.5)
         Placed symbol:  R16 / R_RES0402_12KE / RES0402 at (2159.5 -1026.5)
         Placed symbol:  R8 / R_RES0402_4K7E / RES0402 at (2277.5 -1026.5)
         Placed symbol:  R9 / R_RES0402_4K7E / RES0402 at (2395.5 -1026.5)
         Placed symbol:  C1 / CAP NP_NPCAP0402_40PF / NPCAP0402 at (2513.5 -1026.5)
         Placed symbol:  R34 / R_RES0402_22E / RES0402 at (2631.5 -1026.5)
         Placed symbol:  L2 / INDUCTOR_IND0603_4U7H / IND0603 at (2759.5 -1046.5)
         Placed symbol:  L3 / INDUCTOR_IND0603_4U7H / IND0603 at (2907.5 -1046.5)
         Placed symbol:  L4 / INDUCTOR_IND0603_10MH / IND0603 at (3055.5 -1046.5)
         Placed symbol:  L5 / INDUCTOR_IND0603_10MH / IND0603 at (3203.5 -1046.5)
         Placed symbol:  L6 / INDUCTOR_IND0603_10MH / IND0603 at (3351.5 -1046.5)
         Placed symbol:  Y4 / CRYSTAL_SG210STF_52MHZ / SG210STF at (-959.0 2324.2)
         Placed symbol:  Y3 / CRYSTAL_SG210STF_25MHZ / SG210STF at (-959.0 2251.2)
         Placed symbol:  Y2 / CRYSTAL_SG210STF_16MHZ / SG210STF at (-959.0 2178.2)
         Placed symbol:  Y1 / CRYSTAL_SG210STF_32.76KHZ / SG210STF at (-959.0 2105.2)
         Placed symbol:  TP1 / TEST POINT_TESTPOINT_TEST POINT / TESTPOINT at (3499.5 -1036.5)
         Placed symbol:  TP10 / TEST POINT_TESTPOINT_TEST POINT / TESTPOINT at (-896.5 2014.7)
         Placed symbol:  TP11 / TEST POINT_TESTPOINT_TEST POINT / TESTPOINT at (-896.5 1906.7)
         Placed symbol:  TP12 / TEST POINT_TESTPOINT_TEST POINT / TESTPOINT at (-896.5 1798.7)
         Placed symbol:  TP13 / TEST POINT_TESTPOINT_TEST POINT / TESTPOINT at (-896.5 1690.7)
         Placed symbol:  TP2 / TEST POINT_TESTPOINT_TEST POINT / TESTPOINT at (-896.5 1582.7)
         Placed symbol:  TP3 / TEST POINT_TESTPOINT_TEST POINT / TESTPOINT at (-896.5 1474.7)
         Placed symbol:  TP4 / TEST POINT_TESTPOINT_TEST POINT / TESTPOINT at (-896.5 1366.7)
         Placed symbol:  TP5 / TEST POINT_TESTPOINT_TEST POINT / TESTPOINT at (-896.5 1258.7)
         Placed symbol:  TP6 / TEST POINT_TESTPOINT_TEST POINT / TESTPOINT at (-896.5 1150.7)
         Placed symbol:  TP7 / TEST POINT_TESTPOINT_TEST POINT / TESTPOINT at (-896.5 1042.7)
         Placed symbol:  TP8 / TEST POINT_TESTPOINT_TEST POINT / TESTPOINT at (-896.5 934.7)
         Placed symbol:  TP9 / TEST POINT_TESTPOINT_TEST POINT / TESTPOINT at (-896.5 826.7)
         Placed symbol:  J9 / HEADER 1_HEADERSINGLE_DBG_RXD / HEADERSINGLE at (-906.5 708.7)
         Placed symbol:  J7 / HEADER 1_HEADERSINGLE_GPS_TX / HEADERSINGLE at (-906.5 580.7)
         Placed symbol:  J6 / HEADER 1_HEADERSINGLE_DBG_TXD / HEADERSINGLE at (-906.5 452.7)
         Placed symbol:  J5 / HEADER 1_HEADERSINGLE_SIM_CLK / HEADERSINGLE at (-906.5 324.7)
         Placed symbol:  J4 / HEADER 1_HEADERSINGLE_SIM_DATA / HEADERSINGLE at (-906.5 196.7)
         Placed symbol:  J3 / HEADER 1_HEADERSINGLE_SIM_RST / HEADERSINGLE at (-906.5 68.7)
         Placed symbol:  J26 / HEADER 1_HEADERSINGLE_RESET#USB / HEADERSINGLE at (55.5 3846.7)
         Placed symbol:  J21 / HEADER 1_HEADERSINGLE_UDBG_TXD / HEADERSINGLE at (163.5 3846.7)
         Placed symbol:  J20 / HEADER 1_HEADERSINGLE_UDBG_RXD / HEADERSINGLE at (271.5 3846.7)
         Placed symbol:  J2 / HEADER 1_HEADERSINGLE_SIM_PRE / HEADERSINGLE at (379.5 3846.7)
         Placed symbol:  J18 / HEADER 1_HEADERSINGLE_U0RXD / HEADERSINGLE at (487.5 3846.7)
         Placed symbol:  J17 / HEADER 1_HEADERSINGLE_U0TXD / HEADERSINGLE at (595.5 3846.7)
         Placed symbol:  J10 / HEADER 1_HEADERSINGLE_GPS_RX / HEADERSINGLE at (703.5 3846.7)
         Placed symbol:  E1 / ANTENNA_TESTPOINT_ANTENNA / TESTPOINT at (801.5 3836.7)
         Placed symbol:  MH4 / MOUNTING_HOLES_MOUNTING_HOLES_M / MOUNTING_HOLES at (929.5 3866.7)
         Placed symbol:  MH3 / MOUNTING_HOLES_MOUNTING_HOLES_M / MOUNTING_HOLES at (1097.5 3866.7)
         Placed symbol:  MH2 / MOUNTING_HOLES_MOUNTING_HOLES_M / MOUNTING_HOLES at (1265.5 3866.7)
         Placed symbol:  MH1 / MOUNTING_HOLES_MOUNTING_HOLES_M / MOUNTING_HOLES at (1433.5 3866.7)


Placed 251 of 251 applicable (251 total) symbols.

-----------------------------------------------------------------------

